0 info it worked if it ends with ok
1 verbose cli [ '/Users/capin/.asdf/installs/nodejs/7.7.2/bin/node',
1 verbose cli   '/Users/capin/.asdf/installs/nodejs/7.7.2/bin/npm',
1 verbose cli   'run',
1 verbose cli   'deploy' ]
2 info using npm@4.1.2
3 info using node@v7.7.2
4 verbose run-script [ 'predeploy', 'deploy', 'postdeploy' ]
5 info lifecycle KegCop@1.0.0~predeploy: KegCop@1.0.0
6 silly lifecycle KegCop@1.0.0~predeploy: no script for predeploy, continuing
7 info lifecycle KegCop@1.0.0~deploy: KegCop@1.0.0
8 verbose lifecycle KegCop@1.0.0~deploy: unsafe-perm in lifecycle true
9 verbose lifecycle KegCop@1.0.0~deploy: PATH: /Users/capin/.asdf/installs/nodejs/7.7.2/lib/node_modules/npm/bin/node-gyp-bin:/opt/Code/KegCop/node_modules/.bin:/Users/capin/.asdf/installs/nodejs/7.7.2/bin:/Users/capin/.asdf/bin:/Users/capin/.asdf/shims:/Users/capin/.asdf/bin:/Users/capin/.asdf/shims:/Users/capin/Library/Android/sdk/platform-tools/:/usr/local/bin:/usr/bin:/bin:/usr/sbin:/sbin:/opt/X11/bin:/Users/capin/Library/Android/sdk/platform-tools/
10 verbose lifecycle KegCop@1.0.0~deploy: CWD: /opt/Code/KegCop
11 silly lifecycle KegCop@1.0.0~deploy: Args: [ '-c', 'npm run compile&&gh-pages -d build' ]
12 silly lifecycle KegCop@1.0.0~deploy: Returned: code: 1  signal: null
13 info lifecycle KegCop@1.0.0~deploy: Failed to exec deploy script
14 verbose stack Error: KegCop@1.0.0 deploy: `npm run compile&&gh-pages -d build`
14 verbose stack Exit status 1
14 verbose stack     at EventEmitter.<anonymous> (/Users/capin/.asdf/installs/nodejs/7.7.2/lib/node_modules/npm/lib/utils/lifecycle.js:279:16)
14 verbose stack     at emitTwo (events.js:106:13)
14 verbose stack     at EventEmitter.emit (events.js:194:7)
14 verbose stack     at ChildProcess.<anonymous> (/Users/capin/.asdf/installs/nodejs/7.7.2/lib/node_modules/npm/lib/utils/spawn.js:40:14)
14 verbose stack     at emitTwo (events.js:106:13)
14 verbose stack     at ChildProcess.emit (events.js:194:7)
14 verbose stack     at maybeClose (internal/child_process.js:899:16)
14 verbose stack     at Process.ChildProcess._handle.onexit (internal/child_process.js:226:5)
15 verbose pkgid KegCop@1.0.0
16 verbose cwd /opt/Code/KegCop
17 error Darwin 16.4.0
18 error argv "/Users/capin/.asdf/installs/nodejs/7.7.2/bin/node" "/Users/capin/.asdf/installs/nodejs/7.7.2/bin/npm" "run" "deploy"
19 error node v7.7.2
20 error npm  v4.1.2
21 error code ELIFECYCLE
22 error KegCop@1.0.0 deploy: `npm run compile&&gh-pages -d build`
22 error Exit status 1
23 error Failed at the KegCop@1.0.0 deploy script 'npm run compile&&gh-pages -d build'.
23 error Make sure you have the latest version of node.js and npm installed.
23 error If you do, this is most likely a problem with the KegCop package,
23 error not with npm itself.
23 error Tell the author that this fails on your system:
23 error     npm run compile&&gh-pages -d build
23 error You can get information on how to open an issue for this project with:
23 error     npm bugs KegCop
23 error Or if that isn't available, you can get their info via:
23 error     npm owner ls KegCop
23 error There is likely additional logging output above.
24 verbose exit [ 1, true ]
